Using pre-set license
Built from '2023.2/china_unity/20f1' branch; Version is '2023.2.20f1c1 (ceda3f59bbc9) revision 13556287'; Using compiler version '193431935'; Build Type 'Release'
OS: 'Windows 11  (10.0.22631) 64bit CoreCountrySpecific' Language: 'zh' Physical Memory: 16091 MB
BatchMode: 1, IsHumanControllingUs: 0, StartBugReporterOnCrash: 0, Is64bit: 1, IsPro: 1

COMMAND LINE ARGUMENTS:
D:\Unity Hub\2023.2.20f1c1\Editor\Unity.exe
-adb2
-batchMode
-noUpm
-name
AssetImportWorker2
-projectPath
D:/Unity Projects/qiaoqi_unitygame
-logFile
Logs/AssetImportWorker2.log
-srvPort
58935
-job-worker-count
5
-background-job-worker-count
8
-asset-garbage-collectors
1
Successfully changed project path to: D:/Unity Projects/qiaoqi_unitygame
D:/Unity Projects/qiaoqi_unitygame
[UnityMemory] Configuration Parameters - Can be set up in boot.config
    "memorysetup-bucket-allocator-granularity=16"
    "memorysetup-bucket-allocator-bucket-count=8"
    "memorysetup-bucket-allocator-block-size=33554432"
    "memorysetup-bucket-allocator-block-count=8"
    "memorysetup-main-allocator-block-size=16777216"
    "memorysetup-thread-allocator-block-size=16777216"
    "memorysetup-gfx-main-allocator-block-size=16777216"
    "memorysetup-gfx-thread-allocator-block-size=16777216"
    "memorysetup-cache-allocator-block-size=4194304"
    "memorysetup-typetree-allocator-block-size=2097152"
    "memorysetup-profiler-bucket-allocator-granularity=16"
    "memorysetup-profiler-bucket-allocator-bucket-count=8"
    "memorysetup-profiler-bucket-allocator-block-size=33554432"
    "memorysetup-profiler-bucket-allocator-block-count=8"
    "memorysetup-profiler-allocator-block-size=16777216"
    "memorysetup-profiler-editor-allocator-block-size=1048576"
    "memorysetup-temp-allocator-size-main=16777216"
    "memorysetup-job-temp-allocator-block-size=2097152"
    "memorysetup-job-temp-allocator-block-size-background=1048576"
    "memorysetup-job-temp-allocator-reduction-small-platforms=262144"
    "memorysetup-allocator-temp-initial-block-size-main=262144"
    "memorysetup-allocator-temp-initial-block-size-worker=262144"
    "memorysetup-temp-allocator-size-background-worker=32768"
    "memorysetup-temp-allocator-size-job-worker=262144"
    "memorysetup-temp-allocator-size-preload-manager=33554432"
    "memorysetup-temp-allocator-size-nav-mesh-worker=65536"
    "memorysetup-temp-allocator-size-audio-worker=65536"
    "memorysetup-temp-allocator-size-cloud-worker=32768"
    "memorysetup-temp-allocator-size-gi-baking-worker=262144"
    "memorysetup-temp-allocator-size-gi-baking-worker=262144"
    "memorysetup-temp-allocator-size-gi-baking-worker=262144"
    "memorysetup-temp-allocator-size-gi-baking-worker=262144"
    "memorysetup-temp-allocator-size-gfx=262144"
Player connection [40204] Host "[IP] 10.234.68.50 [Port] 0 [Flags] 2 [Guid] 1514100199 [EditorId] 1514100199 [Version] 1048832 [Id] WindowsEditor(7,ÆS›F) [Debug] 1 [PackageName] WindowsEditor [ProjectName] Editor" joined multi-casting on [225.0.0.222:54997]...
Player connection [40204] Host "[IP] 10.234.68.50 [Port] 0 [Flags] 2 [Guid] 1514100199 [EditorId] 1514100199 [Version] 1048832 [Id] WindowsEditor(7,ÆS›F) [Debug] 1 [PackageName] WindowsEditor [ProjectName] Editor" joined alternative multi-casting on [225.0.0.222:34997]...
JobSystem: Creating JobQueue using job-worker-count value 5
[Physics::Module] Initialized MultithreadedJobDispatcher with 5 workers.
Library Redirect Path: Library/
Refreshing native plugins compatible for Editor in 2.65 ms, found 3 plugins.
Preloading 0 native plugins for Editor in 0.00 ms.
Initialize engine version: 2023.2.20f1c1 (ceda3f59bbc9)
[Subsystems] Discovering subsystems at path D:/Unity Hub/2023.2.20f1c1/Editor/Data/Resources/UnitySubsystems
[Subsystems] Discovering subsystems at path D:/Unity Projects/qiaoqi_unitygame/Assets
GfxDevice: creating device client; kGfxThreadingModeNonThreaded
Direct3D:
    Version:  Direct3D 11.0 [level 11.1]
    Renderer: NVIDIA GeForce RTX 3050 Laptop GPU (ID=0x25e2)
    Vendor:   NVIDIA
    VRAM:     3964 MB
    Driver:   32.0.15.6603
Initialize mono
Mono path[0] = 'D:/Unity Hub/2023.2.20f1c1/Editor/Data/Managed'
Mono path[1] = 'D:/Unity Hub/2023.2.20f1c1/Editor/Data/MonoBleedingEdge/lib/mono/unityjit-win32'
Mono config path = 'D:/Unity Hub/2023.2.20f1c1/Editor/Data/MonoBleedingEdge/etc'
Using monoOptions --debugger-agent=transport=dt_socket,embedding=1,server=y,suspend=n,address=127.0.0.1:56108
Begin MonoManager ReloadAssembly
Registering precompiled unity dll's ...
Register platform support module: D:/Unity Hub/2023.2.20f1c1/Editor/Data/PlaybackEngines/WindowsStandaloneSupport/UnityEditor.WindowsStandalone.Extensions.dll
Registered in 0.001357 seconds.
- Loaded All Assemblies, in  0.561 seconds
Native extension for WindowsStandalone target not found
Mono: successfully reloaded assembly
- Finished resetting the current domain, in  0.445 seconds
Domain Reload Profiling: 1006ms
	BeginReloadAssembly (182ms)
		ExecutionOrderSort (0ms)
		DisableScriptedObjects (0ms)
		BackupInstance (0ms)
		ReleaseScriptingObjects (0ms)
		CreateAndSetChildDomain (1ms)
	RebuildCommonClasses (49ms)
	RebuildNativeTypeToScriptingClass (16ms)
	initialDomainReloadingComplete (74ms)
	LoadAllAssembliesAndSetupDomain (240ms)
		LoadAssemblies (180ms)
		RebuildTransferFunctionScriptingTraits (0ms)
		AnalyzeDomain (237ms)
			TypeCache.Refresh (233ms)
				TypeCache.ScanAssembly (213ms)
			BuildScriptInfoCaches (0ms)
			ResolveRequiredComponents (1ms)
	FinalizeReload (446ms)
		ReleaseScriptCaches (0ms)
		RebuildScriptCaches (0ms)
		SetupLoadedEditorAssemblies (365ms)
			LogAssemblyErrors (0ms)
			InitializePlatformSupportModulesInManaged (13ms)
			SetLoadedEditorAssemblies (8ms)
			BeforeProcessingInitializeOnLoad (8ms)
			ProcessInitializeOnLoadAttributes (272ms)
			ProcessInitializeOnLoadMethodAttributes (64ms)
			AfterProcessingInitializeOnLoad (0ms)
			EditorAssembliesLoaded (0ms)
		ExecutionOrderSort2 (0ms)
		AwakeInstancesAfterBackupRestoration (0ms)
========================================================================
Worker process is ready to serve import requests
Import Worker Mode flag is 0x00
Begin MonoManager ReloadAssembly
Symbol file LoadedFromMemory doesn't match image D:\Unity Projects\qiaoqi_unitygame\Library\PackageCache\com.unity.visualscripting@1.8.0\Editor\VisualScripting.Core\Dependencies\YamlDotNet\Unity.VisualScripting.YamlDotNet.dll
Symbol file LoadedFromMemory doesn't match image D:\Unity Projects\qiaoqi_unitygame\Library\PackageCache\com.unity.visualscripting@1.8.0\Editor\VisualScripting.Core\Dependencies\DotNetZip\Unity.VisualScripting.IonicZip.dll
- Loaded All Assemblies, in  1.072 seconds
Refreshing native plugins compatible for Editor in 0.27 ms, found 3 plugins.
Native extension for WindowsStandalone target not found
Mono: successfully reloaded assembly
- Finished resetting the current domain, in  0.571 seconds
Domain Reload Profiling: 1643ms
	BeginReloadAssembly (687ms)
		ExecutionOrderSort (0ms)
		DisableScriptedObjects (5ms)
		BackupInstance (0ms)
		ReleaseScriptingObjects (0ms)
		CreateAndSetChildDomain (28ms)
	RebuildCommonClasses (31ms)
	RebuildNativeTypeToScriptingClass (11ms)
	initialDomainReloadingComplete (29ms)
	LoadAllAssembliesAndSetupDomain (313ms)
		LoadAssemblies (261ms)
		RebuildTransferFunctionScriptingTraits (0ms)
		AnalyzeDomain (148ms)
			TypeCache.Refresh (125ms)
				TypeCache.ScanAssembly (111ms)
			BuildScriptInfoCaches (17ms)
			ResolveRequiredComponents (3ms)
	FinalizeReload (572ms)
		ReleaseScriptCaches (0ms)
		RebuildScriptCaches (0ms)
		SetupLoadedEditorAssemblies (384ms)
			LogAssemblyErrors (0ms)
			InitializePlatformSupportModulesInManaged (2ms)
			SetLoadedEditorAssemblies (3ms)
			BeforeProcessingInitializeOnLoad (28ms)
			ProcessInitializeOnLoadAttributes (329ms)
			ProcessInitializeOnLoadMethodAttributes (20ms)
			AfterProcessingInitializeOnLoad (1ms)
			EditorAssembliesLoaded (0ms)
		ExecutionOrderSort2 (0ms)
		AwakeInstancesAfterBackupRestoration (8ms)
Launched and connected shader compiler UnityShaderCompiler.exe after 0.02 seconds
Refreshing native plugins compatible for Editor in 0.61 ms, found 3 plugins.
Preloading 0 native plugins for Editor in 0.00 ms.
Unloading 25 Unused Serialized files (Serialized files now loaded: 0)
Unloading 3220 unused Assets / (1.3 MB). Loaded Objects now: 3816.
Memory consumption went from 112.1 MB to 110.8 MB.
Total: 6.530900 ms (FindLiveObjects: 0.267100 ms CreateObjectMapping: 0.213400 ms MarkObjects: 4.903600 ms  DeleteObjects: 1.145100 ms)

========================================================================
Received Import Request.
  Time since last request: 933096.937565 seconds.
  path: Assets/ScriptsChessBoard/PlaceChessman.cs
  artifactKey: Guid(4f64b079f1183e04387408af9bb099f3) Importer(815301076,1909f56bfc062723c751e8b465ee728b)
Start importing Assets/ScriptsChessBoard/PlaceChessman.cs using Guid(4f64b079f1183e04387408af9bb099f3) Importer(815301076,1909f56bfc062723c751e8b465ee728b) (PreviewImporter) -> (artifact id: '1db74822a3169b23a86be834ab08a023') in 0.0058513 seconds
Number of updated asset objects reloaded before import = 0Number of asset objects unloaded after import = 0

========================================================================
Received Prepare
Refreshing native plugins compatible for Editor in 0.91 ms, found 3 plugins.
Preloading 0 native plugins for Editor in 0.00 ms.
Unloading 0 Unused Serialized files (Serialized files now loaded: 0)
Unloading 3211 unused Assets / (1.1 MB). Loaded Objects now: 3819.
Memory consumption went from 105.6 MB to 104.5 MB.
Total: 11.661600 ms (FindLiveObjects: 0.604100 ms CreateObjectMapping: 0.800900 ms MarkObjects: 8.263100 ms  DeleteObjects: 1.990600 ms)

Prepare: number of updated asset objects reloaded= 0
========================================================================
Received Import Request.
  Time since last request: 5.646258 seconds.
  path: Assets/ScriptsChessBoard/PlaceChessman1.cs
  artifactKey: Guid(e6be8e6d1de172e49b5cad07e513d661) Importer(815301076,1909f56bfc062723c751e8b465ee728b)
Start importing Assets/ScriptsChessBoard/PlaceChessman1.cs using Guid(e6be8e6d1de172e49b5cad07e513d661) Importer(815301076,1909f56bfc062723c751e8b465ee728b) (PreviewImporter) -> (artifact id: '965daeaa4d077e301d8cf20d1bbe816d') in 0.0011635 seconds
Number of updated asset objects reloaded before import = 0Number of asset objects unloaded after import = 0

========================================================================
Received Import Request.
  Time since last request: 0.404942 seconds.
  path: Assets/ScriptsChessBoard/PlaceChessman1.cs
  artifactKey: Guid(e6be8e6d1de172e49b5cad07e513d661) Importer(2089858483,192608db42251d675da83286b1cce702)
Start importing Assets/ScriptsChessBoard/PlaceChessman1.cs using Guid(e6be8e6d1de172e49b5cad07e513d661) Importer(2089858483,192608db42251d675da83286b1cce702) (ScriptedImporter) -> (artifact id: 'b57db8eec87fdf6d4c12c53b8e9d827b') in 0.1037873 seconds
Number of updated asset objects reloaded before import = 0Number of asset objects unloaded after import = 0

========================================================================
Received Prepare
Refreshing native plugins compatible for Editor in 0.63 ms, found 3 plugins.
Preloading 0 native plugins for Editor in 0.00 ms.
Unloading 0 Unused Serialized files (Serialized files now loaded: 0)
Unloading 3211 unused Assets / (1.0 MB). Loaded Objects now: 3819.
Memory consumption went from 105.6 MB to 104.7 MB.
Total: 6.781500 ms (FindLiveObjects: 0.347700 ms CreateObjectMapping: 0.426500 ms MarkObjects: 5.117800 ms  DeleteObjects: 0.887900 ms)

Prepare: number of updated asset objects reloaded= 0
========================================================================
Received Import Request.
  Time since last request: 14.633565 seconds.
  path: Assets/ScriptsChessBoard/PlaceChessman2.cs
  artifactKey: Guid(e6be8e6d1de172e49b5cad07e513d661) Importer(815301076,1909f56bfc062723c751e8b465ee728b)
Start importing Assets/ScriptsChessBoard/PlaceChessman2.cs using Guid(e6be8e6d1de172e49b5cad07e513d661) Importer(815301076,1909f56bfc062723c751e8b465ee728b) (PreviewImporter) -> (artifact id: 'ddee91821516a18f126626bc5f1c622c') in 0.0019304 seconds
Number of updated asset objects reloaded before import = 0Number of asset objects unloaded after import = 0

========================================================================
Received Import Request.
  Time since last request: 0.478464 seconds.
  path: Assets/ScriptsChessBoard/PlaceChessman2.cs
  artifactKey: Guid(e6be8e6d1de172e49b5cad07e513d661) Importer(2089858483,192608db42251d675da83286b1cce702)
Start importing Assets/ScriptsChessBoard/PlaceChessman2.cs using Guid(e6be8e6d1de172e49b5cad07e513d661) Importer(2089858483,192608db42251d675da83286b1cce702) (ScriptedImporter) -> (artifact id: '9984886a3de0aceec10cac69d342d233') in 0.0170822 seconds
Number of updated asset objects reloaded before import = 0Number of asset objects unloaded after import = 0

========================================================================
Received Prepare
Refreshing native plugins compatible for Editor in 0.39 ms, found 3 plugins.
Preloading 0 native plugins for Editor in 0.00 ms.
Unloading 0 Unused Serialized files (Serialized files now loaded: 0)
Unloading 3211 unused Assets / (1.0 MB). Loaded Objects now: 3819.
Memory consumption went from 105.6 MB to 104.6 MB.
Total: 7.154100 ms (FindLiveObjects: 0.268200 ms CreateObjectMapping: 0.210900 ms MarkObjects: 4.731400 ms  DeleteObjects: 1.942300 ms)

Prepare: number of updated asset objects reloaded= 0
========================================================================
Received Import Request.
  Time since last request: 15.194102 seconds.
  path: Assets/ScriptsChessBoard/Game1.cs
  artifactKey: Guid(4f64b079f1183e04387408af9bb099f3) Importer(815301076,1909f56bfc062723c751e8b465ee728b)
Start importing Assets/ScriptsChessBoard/Game1.cs using Guid(4f64b079f1183e04387408af9bb099f3) Importer(815301076,1909f56bfc062723c751e8b465ee728b) (PreviewImporter) -> (artifact id: 'e1d14dadc203d18a8388a45710eccbbe') in 0.0016648 seconds
Number of updated asset objects reloaded before import = 0Number of asset objects unloaded after import = 0

========================================================================
Received Import Request.
  Time since last request: 0.855634 seconds.
  path: Assets/ScriptsChessBoard/PlaceChessman2.cs
  artifactKey: Guid(e6be8e6d1de172e49b5cad07e513d661) Importer(815301076,1909f56bfc062723c751e8b465ee728b)
Start importing Assets/ScriptsChessBoard/PlaceChessman2.cs using Guid(e6be8e6d1de172e49b5cad07e513d661) Importer(815301076,1909f56bfc062723c751e8b465ee728b) (PreviewImporter) -> (artifact id: 'ddee91821516a18f126626bc5f1c622c') in 0.0009797 seconds
Number of updated asset objects reloaded before import = 0Number of asset objects unloaded after import = 0

========================================================================
Received Import Request.
  Time since last request: 0.027965 seconds.
  path: Assets/ScriptsChessBoard/Game1.cs
  artifactKey: Guid(4f64b079f1183e04387408af9bb099f3) Importer(2089858483,192608db42251d675da83286b1cce702)
Start importing Assets/ScriptsChessBoard/Game1.cs using Guid(4f64b079f1183e04387408af9bb099f3) Importer(2089858483,192608db42251d675da83286b1cce702) (ScriptedImporter) -> (artifact id: 'f5eeeb96868255aedc27f606be302ffb') in 0.0182059 seconds
Number of updated asset objects reloaded before import = 0Number of asset objects unloaded after import = 0

========================================================================
Received Prepare
Refreshing native plugins compatible for Editor in 0.95 ms, found 3 plugins.
Preloading 0 native plugins for Editor in 0.00 ms.
Unloading 0 Unused Serialized files (Serialized files now loaded: 0)
Unloading 3211 unused Assets / (1.0 MB). Loaded Objects now: 3819.
Memory consumption went from 105.6 MB to 104.7 MB.
Total: 6.946700 ms (FindLiveObjects: 0.342300 ms CreateObjectMapping: 0.481600 ms MarkObjects: 5.058900 ms  DeleteObjects: 1.062400 ms)

Prepare: number of updated asset objects reloaded= 0
========================================================================
Received Import Request.
  Time since last request: 4.462102 seconds.
  path: Assets/ScriptsChessBoard/Game2.cs
  artifactKey: Guid(e6be8e6d1de172e49b5cad07e513d661) Importer(815301076,1909f56bfc062723c751e8b465ee728b)
Start importing Assets/ScriptsChessBoard/Game2.cs using Guid(e6be8e6d1de172e49b5cad07e513d661) Importer(815301076,1909f56bfc062723c751e8b465ee728b) (PreviewImporter) -> (artifact id: '733450cbfc0920efca1ac35cf421b5a1') in 0.0011959 seconds
Number of updated asset objects reloaded before import = 0Number of asset objects unloaded after import = 0

========================================================================
Received Import Request.
  Time since last request: 0.896231 seconds.
  path: Assets/ScriptsChessBoard/Game2.cs
  artifactKey: Guid(e6be8e6d1de172e49b5cad07e513d661) Importer(2089858483,192608db42251d675da83286b1cce702)
Start importing Assets/ScriptsChessBoard/Game2.cs using Guid(e6be8e6d1de172e49b5cad07e513d661) Importer(2089858483,192608db42251d675da83286b1cce702) (ScriptedImporter) -> (artifact id: '7cf745586c9ca0dcea37c26d18277a74') in 0.0178844 seconds
Number of updated asset objects reloaded before import = 0Number of asset objects unloaded after import = 0

========================================================================
Received Prepare
Refreshing native plugins compatible for Editor in 0.52 ms, found 3 plugins.
Preloading 0 native plugins for Editor in 0.00 ms.
Unloading 0 Unused Serialized files (Serialized files now loaded: 0)
Unloading 3212 unused Assets / (1.0 MB). Loaded Objects now: 3820.
Memory consumption went from 105.7 MB to 104.6 MB.
Total: 6.352200 ms (FindLiveObjects: 0.444600 ms CreateObjectMapping: 0.232400 ms MarkObjects: 4.437900 ms  DeleteObjects: 1.235600 ms)

Prepare: number of updated asset objects reloaded= 0
========================================================================
Received Import Request.
  Time since last request: 1.377355 seconds.
  path: Assets/ScriptsChessBoard/Game3.cs
  artifactKey: Guid(fe6b92f2aeca32141b16d559ae138c49) Importer(815301076,1909f56bfc062723c751e8b465ee728b)
Start importing Assets/ScriptsChessBoard/Game3.cs using Guid(fe6b92f2aeca32141b16d559ae138c49) Importer(815301076,1909f56bfc062723c751e8b465ee728b) (PreviewImporter) -> (artifact id: 'f46128162f33abc231a00be9f39f1683') in 0.0017965 seconds
Number of updated asset objects reloaded before import = 0Number of asset objects unloaded after import = 0

========================================================================
Received Import Request.
  Time since last request: 0.899300 seconds.
  path: Assets/ScriptsChessBoard/Game3.cs
  artifactKey: Guid(fe6b92f2aeca32141b16d559ae138c49) Importer(2089858483,192608db42251d675da83286b1cce702)
Start importing Assets/ScriptsChessBoard/Game3.cs using Guid(fe6b92f2aeca32141b16d559ae138c49) Importer(2089858483,192608db42251d675da83286b1cce702) (ScriptedImporter) -> (artifact id: '3308b6eea6b49572354a54c2d2bf6bf2') in 0.0173853 seconds
Number of updated asset objects reloaded before import = 0Number of asset objects unloaded after import = 0

========================================================================
Received Import Request.
  Time since last request: 0.561162 seconds.
  path: Assets/ScriptsChessBoard/LineTheBoard.cs
  artifactKey: Guid(279fef1415cdefb468d97b829225735f) Importer(815301076,1909f56bfc062723c751e8b465ee728b)
Start importing Assets/ScriptsChessBoard/LineTheBoard.cs using Guid(279fef1415cdefb468d97b829225735f) Importer(815301076,1909f56bfc062723c751e8b465ee728b) (PreviewImporter) -> (artifact id: '08c6940b85eee8af454cce7d2f0e188a') in 0.0004881 seconds
Number of updated asset objects reloaded before import = 0Number of asset objects unloaded after import = 0

========================================================================
Received Import Request.
  Time since last request: 1.563052 seconds.
  path: Assets/ScriptsChessBoard/Game1.cs
  artifactKey: Guid(4f64b079f1183e04387408af9bb099f3) Importer(815301076,1909f56bfc062723c751e8b465ee728b)
Start importing Assets/ScriptsChessBoard/Game1.cs using Guid(4f64b079f1183e04387408af9bb099f3) Importer(815301076,1909f56bfc062723c751e8b465ee728b) (PreviewImporter) -> (artifact id: 'e1d14dadc203d18a8388a45710eccbbe') in 0.0005878 seconds
Number of updated asset objects reloaded before import = 0Number of asset objects unloaded after import = 0

========================================================================
Received Prepare
Refreshing native plugins compatible for Editor in 0.34 ms, found 3 plugins.
Preloading 0 native plugins for Editor in 0.00 ms.
Unloading 0 Unused Serialized files (Serialized files now loaded: 0)
Unloading 3212 unused Assets / (0.5 MB). Loaded Objects now: 3820.
Memory consumption went from 105.7 MB to 105.1 MB.
Total: 6.265700 ms (FindLiveObjects: 0.300200 ms CreateObjectMapping: 0.209400 ms MarkObjects: 4.983300 ms  DeleteObjects: 0.771400 ms)

Prepare: number of updated asset objects reloaded= 0
========================================================================
Received Import Request.
  Time since last request: 163.526153 seconds.
  path: Assets/ScriptsChessBoard/Game1.cs
  artifactKey: Guid(4f64b079f1183e04387408af9bb099f3) Importer(2089858483,192608db42251d675da83286b1cce702)
Start importing Assets/ScriptsChessBoard/Game1.cs using Guid(4f64b079f1183e04387408af9bb099f3) Importer(2089858483,192608db42251d675da83286b1cce702) (ScriptedImporter) -> (artifact id: '6305b5b762497a0f6eadf8ae9d2e1824') in 0.0226177 seconds
Number of updated asset objects reloaded before import = 0Number of asset objects unloaded after import = 0

========================================================================
Received Import Request.
  Time since last request: 1.238202 seconds.
  path: Assets/ScriptsChessBoard/Game2.cs
  artifactKey: Guid(e6be8e6d1de172e49b5cad07e513d661) Importer(815301076,1909f56bfc062723c751e8b465ee728b)
Start importing Assets/ScriptsChessBoard/Game2.cs using Guid(e6be8e6d1de172e49b5cad07e513d661) Importer(815301076,1909f56bfc062723c751e8b465ee728b) (PreviewImporter) -> (artifact id: '733450cbfc0920efca1ac35cf421b5a1') in 0.0007233 seconds
Number of updated asset objects reloaded before import = 0Number of asset objects unloaded after import = 0

========================================================================
Received Prepare
Refreshing native plugins compatible for Editor in 0.35 ms, found 3 plugins.
Preloading 0 native plugins for Editor in 0.00 ms.
Unloading 0 Unused Serialized files (Serialized files now loaded: 0)
Unloading 3212 unused Assets / (0.9 MB). Loaded Objects now: 3820.
Memory consumption went from 105.7 MB to 104.7 MB.
Total: 4.685300 ms (FindLiveObjects: 0.261300 ms CreateObjectMapping: 0.230000 ms MarkObjects: 3.441000 ms  DeleteObjects: 0.751500 ms)

Prepare: number of updated asset objects reloaded= 0
========================================================================
Received Import Request.
  Time since last request: 30.268104 seconds.
  path: Assets/ScriptsChessBoard/Game2.cs
  artifactKey: Guid(e6be8e6d1de172e49b5cad07e513d661) Importer(815301076,1909f56bfc062723c751e8b465ee728b)
Start importing Assets/ScriptsChessBoard/Game2.cs using Guid(e6be8e6d1de172e49b5cad07e513d661) Importer(815301076,1909f56bfc062723c751e8b465ee728b) (PreviewImporter) -> (artifact id: '8970d0aef0f51cbef4d593d18be133ae') in 0.0019397 seconds
Number of updated asset objects reloaded before import = 0Number of asset objects unloaded after import = 0

========================================================================
Received Import Request.
  Time since last request: 0.915996 seconds.
  path: Assets/ScriptsChessBoard/Game2.cs
  artifactKey: Guid(e6be8e6d1de172e49b5cad07e513d661) Importer(2089858483,192608db42251d675da83286b1cce702)
Start importing Assets/ScriptsChessBoard/Game2.cs using Guid(e6be8e6d1de172e49b5cad07e513d661) Importer(2089858483,192608db42251d675da83286b1cce702) (ScriptedImporter) -> (artifact id: 'fc9c5cdc9135b6989832fe2bde7dca1b') in 0.0190236 seconds
Number of updated asset objects reloaded before import = 0Number of asset objects unloaded after import = 0

========================================================================
Received Prepare
Refreshing native plugins compatible for Editor in 0.36 ms, found 3 plugins.
Preloading 0 native plugins for Editor in 0.00 ms.
Unloading 0 Unused Serialized files (Serialized files now loaded: 0)
Unloading 3212 unused Assets / (1.0 MB). Loaded Objects now: 3820.
Memory consumption went from 105.7 MB to 104.6 MB.
Total: 6.787000 ms (FindLiveObjects: 0.319900 ms CreateObjectMapping: 0.220800 ms MarkObjects: 4.718900 ms  DeleteObjects: 1.521800 ms)

Prepare: number of updated asset objects reloaded= 0
========================================================================
Received Import Request.
  Time since last request: 19.868869 seconds.
  path: Assets/ScriptsChessBoard/Game2.cs
  artifactKey: Guid(e6be8e6d1de172e49b5cad07e513d661) Importer(815301076,1909f56bfc062723c751e8b465ee728b)
Start importing Assets/ScriptsChessBoard/Game2.cs using Guid(e6be8e6d1de172e49b5cad07e513d661) Importer(815301076,1909f56bfc062723c751e8b465ee728b) (PreviewImporter) -> (artifact id: '8970d0aef0f51cbef4d593d18be133ae') in 0.0017207 seconds
Number of updated asset objects reloaded before import = 0Number of asset objects unloaded after import = 0

========================================================================
Received Import Request.
  Time since last request: 0.898432 seconds.
  path: Assets/ScriptsChessBoard/Game3.cs
  artifactKey: Guid(fe6b92f2aeca32141b16d559ae138c49) Importer(2089858483,192608db42251d675da83286b1cce702)
Start importing Assets/ScriptsChessBoard/Game3.cs using Guid(fe6b92f2aeca32141b16d559ae138c49) Importer(2089858483,192608db42251d675da83286b1cce702) (ScriptedImporter) -> (artifact id: 'ff28e83b714db2bd24019d1c31b3ef1c') in 0.0161234 seconds
Number of updated asset objects reloaded before import = 0Number of asset objects unloaded after import = 0

========================================================================
Received Prepare
Begin MonoManager ReloadAssembly
Symbol file LoadedFromMemory doesn't match image D:\Unity Projects\qiaoqi_unitygame\Library\PackageCache\com.unity.visualscripting@1.8.0\Editor\VisualScripting.Core\Dependencies\YamlDotNet\Unity.VisualScripting.YamlDotNet.dll
Symbol file LoadedFromMemory doesn't match image D:\Unity Projects\qiaoqi_unitygame\Library\PackageCache\com.unity.visualscripting@1.8.0\Editor\VisualScripting.Core\Dependencies\DotNetZip\Unity.VisualScripting.IonicZip.dll
- Loaded All Assemblies, in  0.556 seconds
Refreshing native plugins compatible for Editor in 0.46 ms, found 3 plugins.
Native extension for WindowsStandalone target not found
Mono: successfully reloaded assembly
- Finished resetting the current domain, in  0.604 seconds
Domain Reload Profiling: 1162ms
	BeginReloadAssembly (182ms)
		ExecutionOrderSort (0ms)
		DisableScriptedObjects (4ms)
		BackupInstance (0ms)
		ReleaseScriptingObjects (0ms)
		CreateAndSetChildDomain (39ms)
	RebuildCommonClasses (38ms)
	RebuildNativeTypeToScriptingClass (12ms)
	initialDomainReloadingComplete (26ms)
	LoadAllAssembliesAndSetupDomain (299ms)
		LoadAssemblies (294ms)
		RebuildTransferFunctionScriptingTraits (0ms)
		AnalyzeDomain (107ms)
			TypeCache.Refresh (8ms)
				TypeCache.ScanAssembly (1ms)
			BuildScriptInfoCaches (93ms)
			ResolveRequiredComponents (3ms)
	FinalizeReload (604ms)
		ReleaseScriptCaches (0ms)
		RebuildScriptCaches (0ms)
		SetupLoadedEditorAssemblies (404ms)
			LogAssemblyErrors (0ms)
			InitializePlatformSupportModulesInManaged (2ms)
			SetLoadedEditorAssemblies (5ms)
			BeforeProcessingInitializeOnLoad (28ms)
			ProcessInitializeOnLoadAttributes (345ms)
			ProcessInitializeOnLoadMethodAttributes (21ms)
			AfterProcessingInitializeOnLoad (2ms)
			EditorAssembliesLoaded (0ms)
		ExecutionOrderSort2 (0ms)
		AwakeInstancesAfterBackupRestoration (14ms)
Refreshing native plugins compatible for Editor in 0.41 ms, found 3 plugins.
Preloading 0 native plugins for Editor in 0.00 ms.
Unloading 2 Unused Serialized files (Serialized files now loaded: 0)
Unloading 3220 unused Assets / (1.2 MB). Loaded Objects now: 3820.
Memory consumption went from 109.4 MB to 108.2 MB.
Total: 5.998200 ms (FindLiveObjects: 0.261100 ms CreateObjectMapping: 0.208300 ms MarkObjects: 4.143500 ms  DeleteObjects: 1.384200 ms)

Prepare: number of updated asset objects reloaded= 0
========================================================================
Received Import Request.
  Time since last request: 5.563138 seconds.
  path: Assets/ScriptsChessBoard/Game2.cs
  artifactKey: Guid(e6be8e6d1de172e49b5cad07e513d661) Importer(815301076,1909f56bfc062723c751e8b465ee728b)
Start importing Assets/ScriptsChessBoard/Game2.cs using Guid(e6be8e6d1de172e49b5cad07e513d661) Importer(815301076,1909f56bfc062723c751e8b465ee728b) (PreviewImporter) -> (artifact id: '78477611d9efca4f59e1b1215612a5c1') in 0.0026762 seconds
Number of updated asset objects reloaded before import = 0Number of asset objects unloaded after import = 0

========================================================================
Received Import Request.
  Time since last request: 23.309233 seconds.
  path: Assets/Scenes/GameScene3.unity
  artifactKey: Guid(100e2d6bf06dcee49b6fe508e37d99ce) Importer(815301076,1909f56bfc062723c751e8b465ee728b)
Start importing Assets/Scenes/GameScene3.unity using Guid(100e2d6bf06dcee49b6fe508e37d99ce) Importer(815301076,1909f56bfc062723c751e8b465ee728b) (PreviewImporter) -> (artifact id: '4d7e1496ee84ed478b3d879e050075be') in 0.0008603 seconds
Number of updated asset objects reloaded before import = 0Number of asset objects unloaded after import = 0

========================================================================
Received Prepare
Begin MonoManager ReloadAssembly
Symbol file LoadedFromMemory doesn't match image D:\Unity Projects\qiaoqi_unitygame\Library\PackageCache\com.unity.visualscripting@1.8.0\Editor\VisualScripting.Core\Dependencies\YamlDotNet\Unity.VisualScripting.YamlDotNet.dll
Symbol file LoadedFromMemory doesn't match image D:\Unity Projects\qiaoqi_unitygame\Library\PackageCache\com.unity.visualscripting@1.8.0\Editor\VisualScripting.Core\Dependencies\DotNetZip\Unity.VisualScripting.IonicZip.dll
- Loaded All Assemblies, in  0.505 seconds
Refreshing native plugins compatible for Editor in 0.28 ms, found 3 plugins.
Native extension for WindowsStandalone target not found
Mono: successfully reloaded assembly
- Finished resetting the current domain, in  0.658 seconds
Domain Reload Profiling: 1165ms
	BeginReloadAssembly (165ms)
		ExecutionOrderSort (0ms)
		DisableScriptedObjects (5ms)
		BackupInstance (0ms)
		ReleaseScriptingObjects (0ms)
		CreateAndSetChildDomain (35ms)
	RebuildCommonClasses (31ms)
	RebuildNativeTypeToScriptingClass (12ms)
	initialDomainReloadingComplete (28ms)
	LoadAllAssembliesAndSetupDomain (271ms)
		LoadAssemblies (232ms)
		RebuildTransferFunctionScriptingTraits (0ms)
		AnalyzeDomain (129ms)
			TypeCache.Refresh (5ms)
				TypeCache.ScanAssembly (0ms)
			BuildScriptInfoCaches (118ms)
			ResolveRequiredComponents (3ms)
	FinalizeReload (658ms)
		ReleaseScriptCaches (0ms)
		RebuildScriptCaches (0ms)
		SetupLoadedEditorAssemblies (443ms)
			LogAssemblyErrors (0ms)
			InitializePlatformSupportModulesInManaged (3ms)
			SetLoadedEditorAssemblies (5ms)
			BeforeProcessingInitializeOnLoad (30ms)
			ProcessInitializeOnLoadAttributes (380ms)
			ProcessInitializeOnLoadMethodAttributes (24ms)
			AfterProcessingInitializeOnLoad (2ms)
			EditorAssembliesLoaded (0ms)
		ExecutionOrderSort2 (0ms)
		AwakeInstancesAfterBackupRestoration (13ms)
Refreshing native plugins compatible for Editor in 0.53 ms, found 3 plugins.
Preloading 0 native plugins for Editor in 0.00 ms.
Unloading 2 Unused Serialized files (Serialized files now loaded: 0)
Unloading 3220 unused Assets / (1.1 MB). Loaded Objects now: 3820.
Memory consumption went from 111.3 MB to 110.2 MB.
Total: 5.641600 ms (FindLiveObjects: 0.293600 ms CreateObjectMapping: 0.257400 ms MarkObjects: 3.605800 ms  DeleteObjects: 1.483300 ms)

Prepare: number of updated asset objects reloaded= 0
========================================================================
Received Import Request.
  Time since last request: 58.917763 seconds.
  path: Assets/Scenes/GameScene2.unity
  artifactKey: Guid(b4c1032681e4c1040b7ea5deebdc2edb) Importer(815301076,1909f56bfc062723c751e8b465ee728b)
Start importing Assets/Scenes/GameScene2.unity using Guid(b4c1032681e4c1040b7ea5deebdc2edb) Importer(815301076,1909f56bfc062723c751e8b465ee728b) (PreviewImporter) -> (artifact id: '19bcc5cfe210203046cd7985e6b32466') in 0.0061626 seconds
Number of updated asset objects reloaded before import = 0Number of asset objects unloaded after import = 0

========================================================================
Received Import Request.
  Time since last request: 16.602310 seconds.
  path: Assets/Scenes/Start.unity
  artifactKey: Guid(e59bd747f5b51114198479144ccb3875) Importer(815301076,1909f56bfc062723c751e8b465ee728b)
Start importing Assets/Scenes/Start.unity using Guid(e59bd747f5b51114198479144ccb3875) Importer(815301076,1909f56bfc062723c751e8b465ee728b) (PreviewImporter) -> (artifact id: '1945417aed51c352aaeb122b451fcffc') in 0.0009724 seconds
Number of updated asset objects reloaded before import = 0Number of asset objects unloaded after import = 0

========================================================================
Received Prepare
Begin MonoManager ReloadAssembly
Symbol file LoadedFromMemory doesn't match image D:\Unity Projects\qiaoqi_unitygame\Library\PackageCache\com.unity.visualscripting@1.8.0\Editor\VisualScripting.Core\Dependencies\YamlDotNet\Unity.VisualScripting.YamlDotNet.dll
Symbol file LoadedFromMemory doesn't match image D:\Unity Projects\qiaoqi_unitygame\Library\PackageCache\com.unity.visualscripting@1.8.0\Editor\VisualScripting.Core\Dependencies\DotNetZip\Unity.VisualScripting.IonicZip.dll
- Loaded All Assemblies, in  0.488 seconds
Refreshing native plugins compatible for Editor in 0.35 ms, found 3 plugins.
Native extension for WindowsStandalone target not found
Mono: successfully reloaded assembly
- Finished resetting the current domain, in  0.616 seconds
Domain Reload Profiling: 1106ms
	BeginReloadAssembly (170ms)
		ExecutionOrderSort (0ms)
		DisableScriptedObjects (4ms)
		BackupInstance (0ms)
		ReleaseScriptingObjects (0ms)
		CreateAndSetChildDomain (45ms)
	RebuildCommonClasses (31ms)
	RebuildNativeTypeToScriptingClass (11ms)
	initialDomainReloadingComplete (17ms)
	LoadAllAssembliesAndSetupDomain (261ms)
		LoadAssemblies (236ms)
		RebuildTransferFunctionScriptingTraits (0ms)
		AnalyzeDomain (114ms)
			TypeCache.Refresh (5ms)
				TypeCache.ScanAssembly (0ms)
			BuildScriptInfoCaches (103ms)
			ResolveRequiredComponents (3ms)
	FinalizeReload (617ms)
		ReleaseScriptCaches (0ms)
		RebuildScriptCaches (0ms)
		SetupLoadedEditorAssemblies (411ms)
			LogAssemblyErrors (0ms)
			InitializePlatformSupportModulesInManaged (3ms)
			SetLoadedEditorAssemblies (4ms)
			BeforeProcessingInitializeOnLoad (26ms)
			ProcessInitializeOnLoadAttributes (353ms)
			ProcessInitializeOnLoadMethodAttributes (22ms)
			AfterProcessingInitializeOnLoad (2ms)
			EditorAssembliesLoaded (0ms)
		ExecutionOrderSort2 (0ms)
		AwakeInstancesAfterBackupRestoration (13ms)
Refreshing native plugins compatible for Editor in 0.56 ms, found 3 plugins.
Preloading 0 native plugins for Editor in 0.00 ms.
Unloading 2 Unused Serialized files (Serialized files now loaded: 0)
Unloading 3220 unused Assets / (0.9 MB). Loaded Objects now: 3820.
Memory consumption went from 113.3 MB to 112.4 MB.
Total: 5.810100 ms (FindLiveObjects: 0.396300 ms CreateObjectMapping: 0.261700 ms MarkObjects: 4.242300 ms  DeleteObjects: 0.908300 ms)

Prepare: number of updated asset objects reloaded= 0
========================================================================
Received Prepare
Begin MonoManager ReloadAssembly
Symbol file LoadedFromMemory doesn't match image D:\Unity Projects\qiaoqi_unitygame\Library\PackageCache\com.unity.visualscripting@1.8.0\Editor\VisualScripting.Core\Dependencies\YamlDotNet\Unity.VisualScripting.YamlDotNet.dll
Symbol file LoadedFromMemory doesn't match image D:\Unity Projects\qiaoqi_unitygame\Library\PackageCache\com.unity.visualscripting@1.8.0\Editor\VisualScripting.Core\Dependencies\DotNetZip\Unity.VisualScripting.IonicZip.dll
- Loaded All Assemblies, in  0.535 seconds
Refreshing native plugins compatible for Editor in 0.59 ms, found 3 plugins.
Native extension for WindowsStandalone target not found
Mono: successfully reloaded assembly
- Finished resetting the current domain, in  0.707 seconds
Domain Reload Profiling: 1244ms
	BeginReloadAssembly (181ms)
		ExecutionOrderSort (0ms)
		DisableScriptedObjects (3ms)
		BackupInstance (0ms)
		ReleaseScriptingObjects (0ms)
		CreateAndSetChildDomain (38ms)
	RebuildCommonClasses (31ms)
	RebuildNativeTypeToScriptingClass (11ms)
	initialDomainReloadingComplete (21ms)
	LoadAllAssembliesAndSetupDomain (292ms)
		LoadAssemblies (259ms)
		RebuildTransferFunctionScriptingTraits (0ms)
		AnalyzeDomain (141ms)
			TypeCache.Refresh (5ms)
				TypeCache.ScanAssembly (0ms)
			BuildScriptInfoCaches (130ms)
			ResolveRequiredComponents (3ms)
	FinalizeReload (708ms)
		ReleaseScriptCaches (0ms)
		RebuildScriptCaches (0ms)
		SetupLoadedEditorAssemblies (496ms)
			LogAssemblyErrors (0ms)
			InitializePlatformSupportModulesInManaged (5ms)
			SetLoadedEditorAssemblies (5ms)
			BeforeProcessingInitializeOnLoad (31ms)
			ProcessInitializeOnLoadAttributes (427ms)
			ProcessInitializeOnLoadMethodAttributes (27ms)
			AfterProcessingInitializeOnLoad (2ms)
			EditorAssembliesLoaded (0ms)
		ExecutionOrderSort2 (0ms)
		AwakeInstancesAfterBackupRestoration (16ms)
Refreshing native plugins compatible for Editor in 0.50 ms, found 3 plugins.
Preloading 0 native plugins for Editor in 0.00 ms.
Unloading 2 Unused Serialized files (Serialized files now loaded: 0)
Unloading 3220 unused Assets / (1.0 MB). Loaded Objects now: 3820.
Memory consumption went from 115.2 MB to 114.2 MB.
Total: 5.702300 ms (FindLiveObjects: 0.286800 ms CreateObjectMapping: 0.317800 ms MarkObjects: 4.221100 ms  DeleteObjects: 0.874900 ms)

Prepare: number of updated asset objects reloaded= 0
